2019-08-01 13:31:06,044 file.manager INFO 1.2.0
2019-08-01 13:31:06,044 file.manager INFO Copyright (C) 2003-2010
2019-08-01 13:31:06,044 file.manager INFO   Noriaki Ando
2019-08-01 13:31:06,044 file.manager INFO   Intelligent Systems Research Institute, AIST
2019-08-01 13:31:06,044 file.manager INFO Manager starting.
2019-08-01 13:31:06,044 file.manager INFO Starting local logging.
2019-08-01 13:31:06,045 file.manager.namingmanager INFO NameServer connection succeeded: corba/localhost
2019-08-01 13:31:06,049 file.ManagerServant INFO Master manager not found
2019-08-01 13:31:06,050 file.LocalServiceAdmin INFO All the local services are enabled.
2019-08-01 13:31:06,052 file.manager INFO Component type conf file: ColorJudge.conf loaded.
2019-08-01 13:31:06,054 file.ec_base INFO setRate(1000000.000000) done
2019-08-01 13:31:06,054 file.ec_base INFO setRate(1000.000000) done
2019-08-01 13:31:06,055 file.rtobject INFO 1 execution context was created.
2019-08-01 13:31:06,058 file.rtobject INFO Initial active configuration set is default.
2019-08-01 13:31:16,064 file.ManagerServant INFO Master manager not found
2019-08-01 13:31:16,592 file.SdoServiceAdmin WARNING No available SDO service in the factory: 
2019-08-01 13:31:16,592 file.SdoServiceAdmin ERROR type  already exists.
2019-08-01 13:31:21,403 file.colorSwitcher ERROR interface matched with old descriptor: port.VelocitySwitcherService.KanamuraRobotics::VelocitySwitcherService
2019-08-01 13:31:26,087 file.ManagerServant INFO Master manager not found
2019-08-01 13:31:28,609 file.SdoServiceAdmin INFO SDO service has been deleted: 4b994c84-e755-486f-8f0a-3fec3fcbc536
2019-08-01 13:31:30,279 file.SdoServiceAdmin WARNING No available SDO service in the factory: 
2019-08-01 13:31:30,279 file.SdoServiceAdmin ERROR type  already exists.
2019-08-01 13:31:36,107 file.ManagerServant INFO Master manager not found
2019-08-01 13:31:43,978 file.rtobject ERROR Traceback (most recent call last):
  File "/usr/lib/python2.7/dist-packages/OpenRTM_aist/RTObject.py", line 1330, in on_activated
    ret = self.onActivated(ec_id)
  File "ColorJudge.py", line 193, in onActivated
    retval = self._colorSwitcherService._ptr().setSwitch(True)
  File "/home/ogata/workspace/ColorJudge/VelocitySwitcher_idl.py", line 50, in setSwitch
    return _omnipy.invoke(self, "setSwitch", _0_KanamuraRobotics.VelocitySwitcherService._d_setSwitch, args)
OBJECT_NOT_EXIST: CORBA.OBJECT_NOT_EXIST(omniORB.OBJECT_NOT_EXIST_NoMatch, CORBA.COMPLETED_NO)

2019-08-01 13:31:43,979 file.rtobject ERROR Traceback (most recent call last):
  File "/usr/lib/python2.7/dist-packages/OpenRTM_aist/RTObject.py", line 1571, in on_execute
    ret = self.onExecute(ec_id)
  File "ColorJudge.py", line 269, in onExecute
    if self._detect_count > self._detect_count_threshold:
AttributeError: ColorJudge instance has no attribute '_detect_count'

2019-08-01 13:31:46,129 file.ManagerServant INFO Master manager not found
2019-08-01 13:31:47,901 file.ec_worker ERROR State of the RTC is not ACTIVE_STATE.
2019-08-01 13:31:51,728 file.ec_worker ERROR State of the RTC is not ACTIVE_STATE.
2019-08-01 13:31:51,731 file.colorSwitcher ERROR interface matched with old descriptor: port.VelocitySwitcherService.KanamuraRobotics::VelocitySwitcherService
2019-08-01 13:31:51,733 file.ec_worker WARNING ExecutionContext is already stopped.
2019-08-01 13:31:51,734 file.ec_base ERROR Invoking on_shutdown() for each RTC failed.
